Determining if the include file pthread.h exists failed with the following output:
Change Dir: D:/psi_h/mulit/APSI/build/CMakeFiles/CMakeTmp

Run Build Command(s):D:/vs/ide/MSBuild/Current/Bin/MSBuild.exe cmTC_aa1f7.vcxproj /p:Configuration=Debug /p:Platform=x64 /p:VisualStudioVersion=16.0 /v:m && 用于 .NET Framework 的 Microsoft (R) 生成引擎版本 16.11.2+f32259642
版权所有(C) Microsoft Corporation。保留所有权利。

  用于 x64 的 Microsoft (R) C/C++ 优化编译器 19.29.30140 版
  版权所有(C) Microsoft Corporation。保留所有权利。
  CheckIncludeFile.c
  cl /c /Zi /W3 /WX- /diagnostics:column /Od /Ob0 /D _MBCS /D WIN32 /D _WINDOWS /D "CMAKE_INTDIR=\"Debug\"" /Gm- /RTC1 /MDd /GS /fp:precise /Zc:wchar_t /Zc:forScope /Zc:inline /Fo"cmTC_aa1f7.dir\Debug\\" /Fd"cmTC_aa1f7.dir\Debug\vc142.pdb" /external:W3 /Gd /TC /errorReport:queue D:\psi_h\mulit\APSI\build\CMakeFiles\CMakeTmp\CheckIncludeFile.c
D:\psi_h\mulit\APSI\build\CMakeFiles\CMakeTmp\CheckIncludeFile.c(1,10): fatal error C1083: 无法打开包括文件: “pthread.h”: No such file or directory [D:\psi_h\mulit\APSI\build\CMakeFiles\CMakeTmp\cmTC_aa1f7.vcxproj]



Performing C++ SOURCE FILE Test APSI_FOURQ_ARM64 failed with the following compile output:
Change Dir: D:/psi_h/mulit/APSI/build/CMakeFiles/CMakeTmp

Run Build Command(s):D:/vs/ide/MSBuild/Current/Bin/MSBuild.exe cmTC_5ccec.vcxproj /p:Configuration=Debug /p:Platform=x64 /p:VisualStudioVersion=16.0 /v:m && 用于 .NET Framework 的 Microsoft (R) 生成引擎版本 16.11.2+f32259642
版权所有(C) Microsoft Corporation。保留所有权利。

  用于 x64 的 Microsoft (R) C/C++ 优化编译器 19.29.30140 版
  版权所有(C) Microsoft Corporation。保留所有权利。
  src.cxx
  cl /c /Zi /W3 /WX- /diagnostics:column /Od /Ob0 /D _MBCS /D WIN32 /D _WINDOWS /D APSI_FOURQ_ARM64 /D "CMAKE_INTDIR=\"Debug\"" /Gm- /EHsc /RTC1 /MDd /GS /fp:precise /Zc:wchar_t /Zc:forScope /Zc:inline /GR /Fo"cmTC_5ccec.dir\Debug\\" /Fd"cmTC_5ccec.dir\Debug\vc142.pdb" /external:W3 /Gd /TP /errorReport:queue D:\psi_h\mulit\APSI\build\CMakeFiles\CMakeTmp\src.cxx
D:\psi_h\mulit\APSI\build\CMakeFiles\CMakeTmp\src.cxx(7,1): fatal error C1189: #error: [D:\psi_h\mulit\APSI\build\CMakeFiles\CMakeTmp\cmTC_5ccec.vcxproj]


...and run output:

Return value: 1
Source file was:

        #if defined(_M_ARM64)
            int main() {
                return 0;
            }
        #else
            #error
        #endif
        
